0 info it worked if it ends with ok
1 verbose cli [ '/Users/enzo/.nvm/versions/node/v7.1.0/bin/node',
1 verbose cli   '/Users/enzo/.nvm/versions/node/v7.1.0/bin/npm',
1 verbose cli   'start' ]
2 info using npm@3.10.9
3 info using node@v7.1.0
4 verbose run-script [ 'prestart', 'start', 'poststart' ]
5 info lifecycle dop-web@1.0.0~prestart: dop-web@1.0.0
6 silly lifecycle dop-web@1.0.0~prestart: no script for prestart, continuing
7 info lifecycle dop-web@1.0.0~start: dop-web@1.0.0
8 verbose lifecycle dop-web@1.0.0~start: unsafe-perm in lifecycle true
9 verbose lifecycle dop-web@1.0.0~start: PATH: /Users/enzo/.nvm/versions/node/v7.1.0/lib/node_modules/npm/bin/node-gyp-bin:/Users/enzo/Copy/projects/dop/web/node_modules/.bin:/usr/local/Cellar/mongodb/2.6.0_1/bin:/opt/local/bin:/opt/local/sbin:/Users/enzo/.nvm/versions/node/v7.1.0/bin:/Users/enzo/.rvm/gems/ruby-2.1.1/bin:/Users/enzo/.rvm/gems/ruby-2.1.1@global/bin:/Users/enzo/.rvm/rubies/ruby-2.1.1/bin:/usr/local/bin:/usr/bin:/bin:/usr/sbin:/sbin:/Users/enzo/.rvm/bin
10 verbose lifecycle dop-web@1.0.0~start: CWD: /Users/enzo/Copy/projects/dop/web
11 silly lifecycle dop-web@1.0.0~start: Args: [ '-c', 'node index' ]
12 silly lifecycle dop-web@1.0.0~start: Returned: code: 1  signal: null
13 info lifecycle dop-web@1.0.0~start: Failed to exec start script
14 verbose stack Error: dop-web@1.0.0 start: `node index`
14 verbose stack Exit status 1
14 verbose stack     at EventEmitter.<anonymous> (/Users/enzo/.nvm/versions/node/v7.1.0/lib/node_modules/npm/lib/utils/lifecycle.js:255:16)
14 verbose stack     at emitTwo (events.js:106:13)
14 verbose stack     at EventEmitter.emit (events.js:191:7)
14 verbose stack     at ChildProcess.<anonymous> (/Users/enzo/.nvm/versions/node/v7.1.0/lib/node_modules/npm/lib/utils/spawn.js:40:14)
14 verbose stack     at emitTwo (events.js:106:13)
14 verbose stack     at ChildProcess.emit (events.js:191:7)
14 verbose stack     at maybeClose (internal/child_process.js:885:16)
14 verbose stack     at Process.ChildProcess._handle.onexit (internal/child_process.js:226:5)
15 verbose pkgid dop-web@1.0.0
16 verbose cwd /Users/enzo/Copy/projects/dop/web
17 error Darwin 15.2.0
18 error argv "/Users/enzo/.nvm/versions/node/v7.1.0/bin/node" "/Users/enzo/.nvm/versions/node/v7.1.0/bin/npm" "start"
19 error node v7.1.0
20 error npm  v3.10.9
21 error code ELIFECYCLE
22 error dop-web@1.0.0 start: `node index`
22 error Exit status 1
23 error Failed at the dop-web@1.0.0 start script 'node index'.
23 error Make sure you have the latest version of node.js and npm installed.
23 error If you do, this is most likely a problem with the dop-web package,
23 error not with npm itself.
23 error Tell the author that this fails on your system:
23 error     node index
23 error You can get information on how to open an issue for this project with:
23 error     npm bugs dop-web
23 error Or if that isn't available, you can get their info via:
23 error     npm owner ls dop-web
23 error There is likely additional logging output above.
24 verbose exit [ 1, true ]
